2025-10-06 01:23:32 INFO  [background-preinit] o.h.validator.internal.util.Version - HV000001: Hibernate Validator 6.2.0.Final
2025-10-06 01:23:32 INFO  [restartedMain] Onlinestore.OnlineStore - Starting OnlineStore using Java 23.0.2 on Denyss-Laptop.local with PID 13742 (/Users/denyslapshyn/Google Drive/Programming/Java/Online-store-rest-api/target/classes started by denyslapshyn in /Users/denyslapshyn/Google Drive/Programming/Java/Online-store-rest-api)
2025-10-06 01:23:32 INFO  [restartedMain] Onlinestore.OnlineStore - No active profile set, falling back to default profiles: default
2025-10-06 01:23:32 INFO  [restartedMain] o.s.b.d.e.DevToolsPropertyDefaultsPostProcessor - Devtools property defaults active! Set 'spring.devtools.add-properties' to 'false' to disable
2025-10-06 01:23:32 INFO  [restartedMain] o.s.b.d.e.DevToolsPropertyDefaultsPostProcessor - For additional web related logging consider setting the 'logging.level.web' property to 'DEBUG'
2025-10-06 01:23:32 INFO  [restartedMain] o.s.d.r.c.RepositoryConfigurationDelegate - Bootstrapping Spring Data JPA repositories in DEFAULT mode.
2025-10-06 01:23:32 INFO  [restartedMain] o.s.d.r.c.RepositoryConfigurationDelegate - Finished Spring Data repository scanning in 24 ms. Found 3 JPA repository interfaces.
2025-10-06 01:23:33 INFO  [restartedMain] o.s.b.w.e.tomcat.TomcatWebServer - Tomcat initialized with port(s): 8080 (http)
2025-10-06 01:23:33 INFO  [restartedMain] o.a.coyote.http11.Http11NioProtocol - Initializing ProtocolHandler ["http-nio-8080"]
2025-10-06 01:23:33 INFO  [restartedMain] o.a.catalina.core.StandardService - Starting service [Tomcat]
2025-10-06 01:23:33 INFO  [restartedMain] o.a.catalina.core.StandardEngine - Starting Servlet engine: [Apache Tomcat/9.0.55]
2025-10-06 01:23:33 INFO  [restartedMain] o.a.c.c.C.[Tomcat].[localhost].[/] - Initializing Spring embedded WebApplicationContext
2025-10-06 01:23:33 INFO  [restartedMain] o.s.b.w.s.c.ServletWebServerApplicationContext - Root WebApplicationContext: initialization completed in 714 ms
2025-10-06 01:23:33 INFO  [restartedMain] com.zaxxer.hikari.HikariDataSource - HikariPool-1 - Starting...
2025-10-06 01:23:33 INFO  [restartedMain] com.zaxxer.hikari.HikariDataSource - HikariPool-1 - Start completed.
2025-10-06 01:23:33 INFO  [restartedMain] o.s.b.a.h.H2ConsoleAutoConfiguration - H2 console available at '/h2-console'. Database available at 'jdbc:h2:mem:online_store'
2025-10-06 01:23:33 INFO  [restartedMain] o.h.jpa.internal.util.LogHelper - HHH000204: Processing PersistenceUnitInfo [name: default]
2025-10-06 01:23:33 INFO  [restartedMain] org.hibernate.Version - HHH000412: Hibernate ORM core version 5.6.1.Final
2025-10-06 01:23:33 INFO  [restartedMain] o.h.annotations.common.Version - HCANN000001: Hibernate Commons Annotations {5.1.2.Final}
2025-10-06 01:23:33 INFO  [restartedMain] org.hibernate.dialect.Dialect - HHH000400: Using dialect: org.hibernate.dialect.H2Dialect
2025-10-06 01:23:33 INFO  [restartedMain] o.h.e.t.j.p.i.JtaPlatformInitiator - HHH000490: Using JtaPlatform implementation: [org.hibernate.engine.transaction.jta.platform.internal.NoJtaPlatform]
2025-10-06 01:23:33 INFO  [restartedMain] o.s.o.j.LocalContainerEntityManagerFactoryBean - Initialized JPA EntityManagerFactory for persistence unit 'default'
2025-10-06 01:23:34 WARN  [restartedMain] o.s.b.a.o.j.JpaBaseConfiguration$JpaWebConfiguration - spring.jpa.open-in-view is enabled by default. Therefore, database queries may be performed during view rendering. Explicitly configure spring.jpa.open-in-view to disable this warning
2025-10-06 01:23:34 INFO  [restartedMain] o.s.s.web.DefaultSecurityFilterChain - Will secure any request with [org.springframework.security.web.context.request.async.WebAsyncManagerIntegrationFilter@3cd1224b, org.springframework.security.web.context.SecurityContextPersistenceFilter@69f61ee8, org.springframework.security.web.header.HeaderWriterFilter@6ce85df8, org.springframework.security.web.csrf.CsrfFilter@911ce3, org.springframework.security.web.authentication.logout.LogoutFilter@6bb23de8, org.springframework.security.web.authentication.UsernamePasswordAuthenticationFilter@29bf9168, org.springframework.security.web.savedrequest.RequestCacheAwareFilter@319d3849, org.springframework.security.web.servletapi.SecurityContextHolderAwareRequestFilter@274a722b, org.springframework.security.web.authentication.rememberme.RememberMeAuthenticationFilter@e026f06, org.springframework.security.web.authentication.AnonymousAuthenticationFilter@4f40177b, org.springframework.security.web.session.SessionManagementFilter@7953cdac, org.springframework.security.web.access.ExceptionTranslationFilter@5d33b521, org.springframework.security.web.access.intercept.FilterSecurityInterceptor@61b4f955]
2025-10-06 01:23:34 INFO  [restartedMain] o.s.b.d.a.OptionalLiveReloadServer - LiveReload server is running on port 35729
2025-10-06 01:23:34 INFO  [restartedMain] o.a.coyote.http11.Http11NioProtocol - Starting ProtocolHandler ["http-nio-8080"]
2025-10-06 01:23:34 INFO  [restartedMain] o.s.b.w.e.tomcat.TomcatWebServer - Tomcat started on port(s): 8080 (http) with context path ''
2025-10-06 01:23:34 INFO  [restartedMain] Onlinestore.OnlineStore - Started OnlineStore in 2.163 seconds (JVM running for 2.385)
2025-10-06 01:23:36 INFO  [SpringApplicationShutdownHook] o.s.o.j.LocalContainerEntityManagerFactoryBean - Closing JPA EntityManagerFactory for persistence unit 'default'
2025-10-06 01:23:36 INFO  [SpringApplicationShutdownHook] o.h.t.s.i.SchemaDropperImpl$DelayedDropActionImpl - HHH000477: Starting delayed evictData of schema as part of SessionFactory shut-down'
2025-10-06 01:23:37 WARN  [SpringApplicationShutdownHook] o.s.b.f.s.DisposableBeanAdapter - Invocation of destroy method failed on bean with name 'inMemoryDatabaseShutdownExecutor': org.h2.jdbc.JdbcSQLNonTransientConnectionException: Database is already closed (to disable automatic closing at VM shutdown, add ";DB_CLOSE_ON_EXIT=FALSE" to the db URL) [90121-200]
2025-10-06 01:23:37 INFO  [SpringApplicationShutdownHook] com.zaxxer.hikari.HikariDataSource - HikariPool-1 - Shutdown initiated...
2025-10-06 01:23:37 INFO  [SpringApplicationShutdownHook] com.zaxxer.hikari.HikariDataSource - HikariPool-1 - Shutdown completed.
2025-10-06 01:23:50 INFO  [background-preinit] o.h.validator.internal.util.Version - HV000001: Hibernate Validator 6.2.0.Final
2025-10-06 01:23:50 INFO  [restartedMain] Onlinestore.OnlineStore - Starting OnlineStore using Java 23.0.2 on Denyss-Laptop.local with PID 13782 (/Users/denyslapshyn/Google Drive/Programming/Java/Online-store-rest-api/target/classes started by denyslapshyn in /Users/denyslapshyn/Google Drive/Programming/Java/Online-store-rest-api)
2025-10-06 01:23:50 INFO  [restartedMain] Onlinestore.OnlineStore - No active profile set, falling back to default profiles: default
2025-10-06 01:23:50 INFO  [restartedMain] o.s.b.d.e.DevToolsPropertyDefaultsPostProcessor - Devtools property defaults active! Set 'spring.devtools.add-properties' to 'false' to disable
2025-10-06 01:23:50 INFO  [restartedMain] o.s.b.d.e.DevToolsPropertyDefaultsPostProcessor - For additional web related logging consider setting the 'logging.level.web' property to 'DEBUG'
2025-10-06 01:23:50 INFO  [restartedMain] o.s.d.r.c.RepositoryConfigurationDelegate - Bootstrapping Spring Data JPA repositories in DEFAULT mode.
2025-10-06 01:23:50 INFO  [restartedMain] o.s.d.r.c.RepositoryConfigurationDelegate - Finished Spring Data repository scanning in 23 ms. Found 3 JPA repository interfaces.
2025-10-06 01:23:50 INFO  [restartedMain] o.s.b.w.e.tomcat.TomcatWebServer - Tomcat initialized with port(s): 8080 (http)
2025-10-06 01:23:50 INFO  [restartedMain] o.a.coyote.http11.Http11NioProtocol - Initializing ProtocolHandler ["http-nio-8080"]
2025-10-06 01:23:50 INFO  [restartedMain] o.a.catalina.core.StandardService - Starting service [Tomcat]
2025-10-06 01:23:50 INFO  [restartedMain] o.a.catalina.core.StandardEngine - Starting Servlet engine: [Apache Tomcat/9.0.55]
2025-10-06 01:23:50 INFO  [restartedMain] o.a.c.c.C.[Tomcat].[localhost].[/] - Initializing Spring embedded WebApplicationContext
2025-10-06 01:23:50 INFO  [restartedMain] o.s.b.w.s.c.ServletWebServerApplicationContext - Root WebApplicationContext: initialization completed in 703 ms
2025-10-06 01:23:50 INFO  [restartedMain] com.zaxxer.hikari.HikariDataSource - HikariPool-1 - Starting...
2025-10-06 01:23:50 INFO  [restartedMain] com.zaxxer.hikari.HikariDataSource - HikariPool-1 - Start completed.
2025-10-06 01:23:50 INFO  [restartedMain] o.s.b.a.h.H2ConsoleAutoConfiguration - H2 console available at '/h2-console'. Database available at 'jdbc:h2:mem:online_store'
2025-10-06 01:23:50 INFO  [restartedMain] o.h.jpa.internal.util.LogHelper - HHH000204: Processing PersistenceUnitInfo [name: default]
2025-10-06 01:23:50 INFO  [restartedMain] org.hibernate.Version - HHH000412: Hibernate ORM core version 5.6.1.Final
2025-10-06 01:23:51 INFO  [restartedMain] o.h.annotations.common.Version - HCANN000001: Hibernate Commons Annotations {5.1.2.Final}
2025-10-06 01:23:51 INFO  [restartedMain] org.hibernate.dialect.Dialect - HHH000400: Using dialect: org.hibernate.dialect.H2Dialect
2025-10-06 01:23:51 INFO  [restartedMain] o.h.e.t.j.p.i.JtaPlatformInitiator - HHH000490: Using JtaPlatform implementation: [org.hibernate.engine.transaction.jta.platform.internal.NoJtaPlatform]
2025-10-06 01:23:51 INFO  [restartedMain] o.s.o.j.LocalContainerEntityManagerFactoryBean - Initialized JPA EntityManagerFactory for persistence unit 'default'
2025-10-06 01:23:51 WARN  [restartedMain] o.s.b.a.o.j.JpaBaseConfiguration$JpaWebConfiguration - spring.jpa.open-in-view is enabled by default. Therefore, database queries may be performed during view rendering. Explicitly configure spring.jpa.open-in-view to disable this warning
2025-10-06 01:23:51 INFO  [restartedMain] o.s.s.web.DefaultSecurityFilterChain - Will secure any request with [org.springframework.security.web.context.request.async.WebAsyncManagerIntegrationFilter@3cd1224b, org.springframework.security.web.context.SecurityContextPersistenceFilter@69f61ee8, org.springframework.security.web.header.HeaderWriterFilter@6ce85df8, org.springframework.security.web.csrf.CsrfFilter@911ce3, org.springframework.security.web.authentication.logout.LogoutFilter@6bb23de8, org.springframework.security.web.authentication.UsernamePasswordAuthenticationFilter@29bf9168, org.springframework.security.web.savedrequest.RequestCacheAwareFilter@319d3849, org.springframework.security.web.servletapi.SecurityContextHolderAwareRequestFilter@274a722b, org.springframework.security.web.authentication.rememberme.RememberMeAuthenticationFilter@e026f06, org.springframework.security.web.authentication.AnonymousAuthenticationFilter@4f40177b, org.springframework.security.web.session.SessionManagementFilter@7953cdac, org.springframework.security.web.access.ExceptionTranslationFilter@5d33b521, org.springframework.security.web.access.intercept.FilterSecurityInterceptor@61b4f955]
2025-10-06 01:23:51 INFO  [restartedMain] o.s.b.d.a.OptionalLiveReloadServer - LiveReload server is running on port 35729
2025-10-06 01:23:51 INFO  [restartedMain] o.a.coyote.http11.Http11NioProtocol - Starting ProtocolHandler ["http-nio-8080"]
2025-10-06 01:23:51 INFO  [restartedMain] o.s.b.w.e.tomcat.TomcatWebServer - Tomcat started on port(s): 8080 (http) with context path ''
2025-10-06 01:23:51 INFO  [restartedMain] Onlinestore.OnlineStore - Started OnlineStore in 2.126 seconds (JVM running for 2.369)
2025-10-06 01:23:55 INFO  [SpringApplicationShutdownHook] o.s.o.j.LocalContainerEntityManagerFactoryBean - Closing JPA EntityManagerFactory for persistence unit 'default'
2025-10-06 01:23:55 INFO  [SpringApplicationShutdownHook] o.h.t.s.i.SchemaDropperImpl$DelayedDropActionImpl - HHH000477: Starting delayed evictData of schema as part of SessionFactory shut-down'
2025-10-06 01:23:55 WARN  [SpringApplicationShutdownHook] o.s.b.f.s.DisposableBeanAdapter - Invocation of destroy method failed on bean with name 'inMemoryDatabaseShutdownExecutor': org.h2.jdbc.JdbcSQLNonTransientConnectionException: Database is already closed (to disable automatic closing at VM shutdown, add ";DB_CLOSE_ON_EXIT=FALSE" to the db URL) [90121-200]
2025-10-06 01:23:55 INFO  [SpringApplicationShutdownHook] com.zaxxer.hikari.HikariDataSource - HikariPool-1 - Shutdown initiated...
2025-10-06 01:23:55 INFO  [SpringApplicationShutdownHook] com.zaxxer.hikari.HikariDataSource - HikariPool-1 - Shutdown completed.
2025-10-06 20:33:15 INFO  [main] O.OnlineStoreApplicationTests - Starting OnlineStoreApplicationTests using Java 23.0.2 on Denyss-Laptop.local with PID 17107 (started by denyslapshyn in /Users/denyslapshyn/Google Drive/Programming/Java/Online-store-rest-api)
2025-10-06 20:33:15 INFO  [main] O.OnlineStoreApplicationTests - No active profile set, falling back to default profiles: default
2025-10-06 20:33:15 INFO  [background-preinit] o.h.validator.internal.util.Version - HV000001: Hibernate Validator 6.2.0.Final
2025-10-06 20:33:15 INFO  [main] o.s.d.r.c.RepositoryConfigurationDelegate - Bootstrapping Spring Data JPA repositories in DEFAULT mode.
2025-10-06 20:33:15 INFO  [main] o.s.d.r.c.RepositoryConfigurationDelegate - Finished Spring Data repository scanning in 24 ms. Found 3 JPA repository interfaces.
2025-10-06 20:33:15 INFO  [main] o.h.jpa.internal.util.LogHelper - HHH000204: Processing PersistenceUnitInfo [name: default]
2025-10-06 20:33:15 INFO  [main] org.hibernate.Version - HHH000412: Hibernate ORM core version 5.6.1.Final
2025-10-06 20:33:15 INFO  [main] o.h.annotations.common.Version - HCANN000001: Hibernate Commons Annotations {5.1.2.Final}
2025-10-06 20:33:15 INFO  [main] com.zaxxer.hikari.HikariDataSource - HikariPool-1 - Starting...
2025-10-06 20:33:15 INFO  [main] com.zaxxer.hikari.HikariDataSource - HikariPool-1 - Start completed.
2025-10-06 20:33:15 INFO  [main] org.hibernate.dialect.Dialect - HHH000400: Using dialect: org.hibernate.dialect.H2Dialect
2025-10-06 20:33:16 INFO  [main] o.h.e.t.j.p.i.JtaPlatformInitiator - HHH000490: Using JtaPlatform implementation: [org.hibernate.engine.transaction.jta.platform.internal.NoJtaPlatform]
2025-10-06 20:33:16 INFO  [main] o.s.o.j.LocalContainerEntityManagerFactoryBean - Initialized JPA EntityManagerFactory for persistence unit 'default'
2025-10-06 20:33:16 WARN  [main] o.s.b.a.o.j.JpaBaseConfiguration$JpaWebConfiguration - spring.jpa.open-in-view is enabled by default. Therefore, database queries may be performed during view rendering. Explicitly configure spring.jpa.open-in-view to disable this warning
2025-10-06 20:33:16 INFO  [main] o.s.s.web.DefaultSecurityFilterChain - Will secure any request with [org.springframework.security.web.context.request.async.WebAsyncManagerIntegrationFilter@44aa5585, org.springframework.security.web.context.SecurityContextPersistenceFilter@44df834c, org.springframework.security.web.header.HeaderWriterFilter@4f0cdd0f, org.springframework.security.web.csrf.CsrfFilter@9fd3b61, org.springframework.security.web.authentication.logout.LogoutFilter@430db481, org.springframework.security.web.authentication.UsernamePasswordAuthenticationFilter@4f1f2f84, org.springframework.security.web.savedrequest.RequestCacheAwareFilter@1b120d48, org.springframework.security.web.servletapi.SecurityContextHolderAwareRequestFilter@29b0c169, org.springframework.security.web.authentication.rememberme.RememberMeAuthenticationFilter@6b338591, org.springframework.security.web.authentication.AnonymousAuthenticationFilter@40fd1a78, org.springframework.security.web.session.SessionManagementFilter@21b2579d, org.springframework.security.web.access.ExceptionTranslationFilter@4c6eaa65, org.springframework.security.web.access.intercept.FilterSecurityInterceptor@684430c1]
2025-10-06 20:33:16 INFO  [main] O.OnlineStoreApplicationTests - Started OnlineStoreApplicationTests in 2.263 seconds (JVM running for 2.676)
2025-10-06 20:33:17 INFO  [SpringApplicationShutdownHook] o.s.o.j.LocalContainerEntityManagerFactoryBean - Closing JPA EntityManagerFactory for persistence unit 'default'
2025-10-06 20:33:17 INFO  [SpringApplicationShutdownHook] o.h.t.s.i.SchemaDropperImpl$DelayedDropActionImpl - HHH000477: Starting delayed evictData of schema as part of SessionFactory shut-down'
2025-10-06 20:33:17 WARN  [SpringApplicationShutdownHook] o.h.e.jdbc.spi.SqlExceptionHelper - SQL Error: 90121, SQLState: 90121
2025-10-06 20:33:17 ERROR [SpringApplicationShutdownHook] o.h.e.jdbc.spi.SqlExceptionHelper - Database is already closed (to disable automatic closing at VM shutdown, add ";DB_CLOSE_ON_EXIT=FALSE" to the db URL) [90121-200]
2025-10-06 20:33:17 WARN  [SpringApplicationShutdownHook] o.h.e.jdbc.spi.SqlExceptionHelper - SQL Error: 90121, SQLState: 90121
2025-10-06 20:33:17 ERROR [SpringApplicationShutdownHook] o.h.e.jdbc.spi.SqlExceptionHelper - Database is already closed (to disable automatic closing at VM shutdown, add ";DB_CLOSE_ON_EXIT=FALSE" to the db URL) [90121-200]
2025-10-06 20:33:17 WARN  [SpringApplicationShutdownHook] o.s.b.f.s.DisposableBeanAdapter - Invocation of destroy method failed on bean with name 'entityManagerFactory': org.hibernate.exception.JDBCConnectionException: Unable to release JDBC Connection used for DDL execution
2025-10-06 20:33:17 INFO  [SpringApplicationShutdownHook] com.zaxxer.hikari.HikariDataSource - HikariPool-1 - Shutdown initiated...
2025-10-06 20:33:17 INFO  [SpringApplicationShutdownHook] com.zaxxer.hikari.HikariDataSource - HikariPool-1 - Shutdown completed.
2025-10-06 22:02:08 INFO  [main] O.OnlineStoreApplicationTests - Starting OnlineStoreApplicationTests using Java 23.0.2 on Denyss-Laptop.local with PID 18042 (started by denyslapshyn in /Users/denyslapshyn/Google Drive/Programming/Java/Online-store-rest-api)
2025-10-06 22:02:08 INFO  [main] O.OnlineStoreApplicationTests - No active profile set, falling back to default profiles: default
2025-10-06 22:02:08 INFO  [background-preinit] o.h.validator.internal.util.Version - HV000001: Hibernate Validator 6.2.0.Final
2025-10-06 22:02:09 INFO  [main] o.s.d.r.c.RepositoryConfigurationDelegate - Bootstrapping Spring Data JPA repositories in DEFAULT mode.
2025-10-06 22:02:09 INFO  [main] o.s.d.r.c.RepositoryConfigurationDelegate - Finished Spring Data repository scanning in 24 ms. Found 3 JPA repository interfaces.
2025-10-06 22:02:09 INFO  [main] o.h.jpa.internal.util.LogHelper - HHH000204: Processing PersistenceUnitInfo [name: default]
2025-10-06 22:02:09 INFO  [main] org.hibernate.Version - HHH000412: Hibernate ORM core version 5.6.1.Final
2025-10-06 22:02:09 INFO  [main] o.h.annotations.common.Version - HCANN000001: Hibernate Commons Annotations {5.1.2.Final}
2025-10-06 22:02:09 INFO  [main] com.zaxxer.hikari.HikariDataSource - HikariPool-1 - Starting...
2025-10-06 22:02:09 INFO  [main] com.zaxxer.hikari.HikariDataSource - HikariPool-1 - Start completed.
2025-10-06 22:02:09 INFO  [main] org.hibernate.dialect.Dialect - HHH000400: Using dialect: org.hibernate.dialect.H2Dialect
2025-10-06 22:02:10 INFO  [main] o.h.e.t.j.p.i.JtaPlatformInitiator - HHH000490: Using JtaPlatform implementation: [org.hibernate.engine.transaction.jta.platform.internal.NoJtaPlatform]
2025-10-06 22:02:10 INFO  [main] o.s.o.j.LocalContainerEntityManagerFactoryBean - Initialized JPA EntityManagerFactory for persistence unit 'default'
2025-10-06 22:02:10 WARN  [main] o.s.b.a.o.j.JpaBaseConfiguration$JpaWebConfiguration - spring.jpa.open-in-view is enabled by default. Therefore, database queries may be performed during view rendering. Explicitly configure spring.jpa.open-in-view to disable this warning
2025-10-06 22:02:10 INFO  [main] o.s.s.web.DefaultSecurityFilterChain - Will secure any request with [org.springframework.security.web.context.request.async.WebAsyncManagerIntegrationFilter@c4455b4, org.springframework.security.web.context.SecurityContextPersistenceFilter@3d213a2b, org.springframework.security.web.header.HeaderWriterFilter@583b4af4, org.springframework.security.web.csrf.CsrfFilter@7304ca87, org.springframework.security.web.authentication.logout.LogoutFilter@4f0cdd0f, org.springframework.security.web.authentication.UsernamePasswordAuthenticationFilter@1bd6638, org.springframework.security.web.savedrequest.RequestCacheAwareFilter@77648321, org.springframework.security.web.servletapi.SecurityContextHolderAwareRequestFilter@5ec3689b, org.springframework.security.web.authentication.rememberme.RememberMeAuthenticationFilter@74f92d14, org.springframework.security.web.authentication.AnonymousAuthenticationFilter@747f0f34, org.springframework.security.web.session.SessionManagementFilter@4a34de5e, org.springframework.security.web.access.ExceptionTranslationFilter@b75f3f4, org.springframework.security.web.access.intercept.FilterSecurityInterceptor@46c475ba]
2025-10-06 22:02:10 INFO  [main] O.OnlineStoreApplicationTests - Started OnlineStoreApplicationTests in 2.161 seconds (JVM running for 2.563)
2025-10-06 22:02:11 INFO  [SpringApplicationShutdownHook] o.s.o.j.LocalContainerEntityManagerFactoryBean - Closing JPA EntityManagerFactory for persistence unit 'default'
2025-10-06 22:02:11 INFO  [SpringApplicationShutdownHook] o.h.t.s.i.SchemaDropperImpl$DelayedDropActionImpl - HHH000477: Starting delayed evictData of schema as part of SessionFactory shut-down'
2025-10-06 22:02:11 WARN  [SpringApplicationShutdownHook] o.h.e.jdbc.spi.SqlExceptionHelper - SQL Error: 90121, SQLState: 90121
2025-10-06 22:02:11 ERROR [SpringApplicationShutdownHook] o.h.e.jdbc.spi.SqlExceptionHelper - Database is already closed (to disable automatic closing at VM shutdown, add ";DB_CLOSE_ON_EXIT=FALSE" to the db URL) [90121-200]
2025-10-06 22:02:11 WARN  [SpringApplicationShutdownHook] o.h.e.jdbc.spi.SqlExceptionHelper - SQL Error: 90121, SQLState: 90121
2025-10-06 22:02:11 ERROR [SpringApplicationShutdownHook] o.h.e.jdbc.spi.SqlExceptionHelper - Database is already closed (to disable automatic closing at VM shutdown, add ";DB_CLOSE_ON_EXIT=FALSE" to the db URL) [90121-200]
2025-10-06 22:02:11 WARN  [SpringApplicationShutdownHook] o.s.b.f.s.DisposableBeanAdapter - Invocation of destroy method failed on bean with name 'entityManagerFactory': org.hibernate.exception.JDBCConnectionException: Unable to release JDBC Connection used for DDL execution
2025-10-06 22:02:11 INFO  [SpringApplicationShutdownHook] com.zaxxer.hikari.HikariDataSource - HikariPool-1 - Shutdown initiated...
2025-10-06 22:02:11 INFO  [SpringApplicationShutdownHook] com.zaxxer.hikari.HikariDataSource - HikariPool-1 - Shutdown completed.
2025-10-06 22:14:48 INFO  [main] O.OnlineStoreApplicationTests - Starting OnlineStoreApplicationTests using Java 23.0.2 on Denyss-Laptop.local with PID 18243 (started by denyslapshyn in /Users/denyslapshyn/Google Drive/Programming/Java/Online-store-rest-api)
2025-10-06 22:14:48 INFO  [main] O.OnlineStoreApplicationTests - No active profile set, falling back to default profiles: default
2025-10-06 22:14:48 INFO  [background-preinit] o.h.validator.internal.util.Version - HV000001: Hibernate Validator 6.2.0.Final
2025-10-06 22:14:49 INFO  [main] o.s.d.r.c.RepositoryConfigurationDelegate - Bootstrapping Spring Data JPA repositories in DEFAULT mode.
2025-10-06 22:14:49 INFO  [main] o.s.d.r.c.RepositoryConfigurationDelegate - Finished Spring Data repository scanning in 25 ms. Found 3 JPA repository interfaces.
2025-10-06 22:14:49 INFO  [main] o.h.jpa.internal.util.LogHelper - HHH000204: Processing PersistenceUnitInfo [name: default]
2025-10-06 22:14:49 INFO  [main] org.hibernate.Version - HHH000412: Hibernate ORM core version 5.6.1.Final
2025-10-06 22:14:49 INFO  [main] o.h.annotations.common.Version - HCANN000001: Hibernate Commons Annotations {5.1.2.Final}
2025-10-06 22:14:49 INFO  [main] com.zaxxer.hikari.HikariDataSource - HikariPool-1 - Starting...
2025-10-06 22:14:49 INFO  [main] com.zaxxer.hikari.HikariDataSource - HikariPool-1 - Start completed.
2025-10-06 22:14:49 INFO  [main] org.hibernate.dialect.Dialect - HHH000400: Using dialect: org.hibernate.dialect.H2Dialect
2025-10-06 22:14:49 INFO  [main] o.h.e.t.j.p.i.JtaPlatformInitiator - HHH000490: Using JtaPlatform implementation: [org.hibernate.engine.transaction.jta.platform.internal.NoJtaPlatform]
2025-10-06 22:14:49 INFO  [main] o.s.o.j.LocalContainerEntityManagerFactoryBean - Initialized JPA EntityManagerFactory for persistence unit 'default'
2025-10-06 22:14:50 WARN  [main] o.s.b.a.o.j.JpaBaseConfiguration$JpaWebConfiguration - spring.jpa.open-in-view is enabled by default. Therefore, database queries may be performed during view rendering. Explicitly configure spring.jpa.open-in-view to disable this warning
2025-10-06 22:14:50 INFO  [main] o.s.s.web.DefaultSecurityFilterChain - Will secure any request with [org.springframework.security.web.context.request.async.WebAsyncManagerIntegrationFilter@58720eb9, org.springframework.security.web.context.SecurityContextPersistenceFilter@71817f66, org.springframework.security.web.header.HeaderWriterFilter@4d1b4fa1, org.springframework.security.web.csrf.CsrfFilter@58fbfefb, org.springframework.security.web.authentication.logout.LogoutFilter@8dc3019, org.springframework.security.web.authentication.UsernamePasswordAuthenticationFilter@6cb417fc, org.springframework.security.web.savedrequest.RequestCacheAwareFilter@fa689db, org.springframework.security.web.servletapi.SecurityContextHolderAwareRequestFilter@3696d12d, org.springframework.security.web.authentication.rememberme.RememberMeAuthenticationFilter@1ddb6abb, org.springframework.security.web.authentication.AnonymousAuthenticationFilter@24749ad3, org.springframework.security.web.session.SessionManagementFilter@703eead0, org.springframework.security.web.access.ExceptionTranslationFilter@1b120d48, org.springframework.security.web.access.intercept.FilterSecurityInterceptor@556ae220]
2025-10-06 22:14:50 INFO  [main] O.OnlineStoreApplicationTests - Started OnlineStoreApplicationTests in 2.166 seconds (JVM running for 2.568)
2025-10-06 22:14:51 INFO  [SpringApplicationShutdownHook] o.s.o.j.LocalContainerEntityManagerFactoryBean - Closing JPA EntityManagerFactory for persistence unit 'default'
2025-10-06 22:14:51 INFO  [SpringApplicationShutdownHook] o.h.t.s.i.SchemaDropperImpl$DelayedDropActionImpl - HHH000477: Starting delayed evictData of schema as part of SessionFactory shut-down'
2025-10-06 22:14:51 WARN  [SpringApplicationShutdownHook] o.h.e.jdbc.spi.SqlExceptionHelper - SQL Error: 90121, SQLState: 90121
2025-10-06 22:14:51 ERROR [SpringApplicationShutdownHook] o.h.e.jdbc.spi.SqlExceptionHelper - Database is already closed (to disable automatic closing at VM shutdown, add ";DB_CLOSE_ON_EXIT=FALSE" to the db URL) [90121-200]
2025-10-06 22:14:51 WARN  [SpringApplicationShutdownHook] o.h.e.jdbc.spi.SqlExceptionHelper - SQL Error: 90121, SQLState: 90121
2025-10-06 22:14:51 ERROR [SpringApplicationShutdownHook] o.h.e.jdbc.spi.SqlExceptionHelper - Database is already closed (to disable automatic closing at VM shutdown, add ";DB_CLOSE_ON_EXIT=FALSE" to the db URL) [90121-200]
2025-10-06 22:14:51 WARN  [SpringApplicationShutdownHook] o.s.b.f.s.DisposableBeanAdapter - Invocation of destroy method failed on bean with name 'entityManagerFactory': org.hibernate.exception.JDBCConnectionException: Unable to release JDBC Connection used for DDL execution
2025-10-06 22:14:51 INFO  [SpringApplicationShutdownHook] com.zaxxer.hikari.HikariDataSource - HikariPool-1 - Shutdown initiated...
2025-10-06 22:14:51 INFO  [SpringApplicationShutdownHook] com.zaxxer.hikari.HikariDataSource - HikariPool-1 - Shutdown completed.
2025-10-06 22:32:45 INFO  [main] O.OnlineStoreApplicationTests - Starting OnlineStoreApplicationTests using Java 23.0.2 on Denyss-Laptop.local with PID 18445 (started by denyslapshyn in /Users/denyslapshyn/Google Drive/Programming/Java/Online-store-rest-api)
2025-10-06 22:32:45 INFO  [main] O.OnlineStoreApplicationTests - No active profile set, falling back to default profiles: default
2025-10-06 22:32:45 INFO  [background-preinit] o.h.validator.internal.util.Version - HV000001: Hibernate Validator 6.2.0.Final
2025-10-06 22:32:46 INFO  [main] o.s.d.r.c.RepositoryConfigurationDelegate - Bootstrapping Spring Data JPA repositories in DEFAULT mode.
2025-10-06 22:32:46 INFO  [main] o.s.d.r.c.RepositoryConfigurationDelegate - Finished Spring Data repository scanning in 24 ms. Found 3 JPA repository interfaces.
2025-10-06 22:32:46 INFO  [main] o.h.jpa.internal.util.LogHelper - HHH000204: Processing PersistenceUnitInfo [name: default]
2025-10-06 22:32:46 INFO  [main] org.hibernate.Version - HHH000412: Hibernate ORM core version 5.6.1.Final
2025-10-06 22:32:46 INFO  [main] o.h.annotations.common.Version - HCANN000001: Hibernate Commons Annotations {5.1.2.Final}
2025-10-06 22:32:46 INFO  [main] com.zaxxer.hikari.HikariDataSource - HikariPool-1 - Starting...
2025-10-06 22:32:46 INFO  [main] com.zaxxer.hikari.HikariDataSource - HikariPool-1 - Start completed.
2025-10-06 22:32:46 INFO  [main] org.hibernate.dialect.Dialect - HHH000400: Using dialect: org.hibernate.dialect.H2Dialect
2025-10-06 22:32:47 INFO  [main] o.h.e.t.j.p.i.JtaPlatformInitiator - HHH000490: Using JtaPlatform implementation: [org.hibernate.engine.transaction.jta.platform.internal.NoJtaPlatform]
2025-10-06 22:32:47 INFO  [main] o.s.o.j.LocalContainerEntityManagerFactoryBean - Initialized JPA EntityManagerFactory for persistence unit 'default'
2025-10-06 22:32:47 WARN  [main] o.s.b.a.o.j.JpaBaseConfiguration$JpaWebConfiguration - spring.jpa.open-in-view is enabled by default. Therefore, database queries may be performed during view rendering. Explicitly configure spring.jpa.open-in-view to disable this warning
2025-10-06 22:32:47 INFO  [main] o.s.s.web.DefaultSecurityFilterChain - Will secure any request with [org.springframework.security.web.context.request.async.WebAsyncManagerIntegrationFilter@1e3a2177, org.springframework.security.web.context.SecurityContextPersistenceFilter@76ee7301, org.springframework.security.web.header.HeaderWriterFilter@29b0c169, org.springframework.security.web.csrf.CsrfFilter@219a2203, org.springframework.security.web.authentication.logout.LogoutFilter@68af8288, org.springframework.security.web.authentication.UsernamePasswordAuthenticationFilter@122ea8dc, org.springframework.security.web.savedrequest.RequestCacheAwareFilter@ad585fb, org.springframework.security.web.servletapi.SecurityContextHolderAwareRequestFilter@76980c75, org.springframework.security.web.authentication.rememberme.RememberMeAuthenticationFilter@786cc1df, org.springframework.security.web.authentication.AnonymousAuthenticationFilter@58720eb9, org.springframework.security.web.session.SessionManagementFilter@5f2ad3d5, org.springframework.security.web.access.ExceptionTranslationFilter@7df23848, org.springframework.security.web.access.intercept.FilterSecurityInterceptor@747f0f34]
2025-10-06 22:32:47 INFO  [main] O.OnlineStoreApplicationTests - Started OnlineStoreApplicationTests in 2.285 seconds (JVM running for 2.722)
2025-10-06 22:32:48 INFO  [SpringApplicationShutdownHook] o.s.o.j.LocalContainerEntityManagerFactoryBean - Closing JPA EntityManagerFactory for persistence unit 'default'
2025-10-06 22:32:48 INFO  [SpringApplicationShutdownHook] o.h.t.s.i.SchemaDropperImpl$DelayedDropActionImpl - HHH000477: Starting delayed evictData of schema as part of SessionFactory shut-down'
2025-10-06 22:32:48 WARN  [SpringApplicationShutdownHook] o.h.e.jdbc.spi.SqlExceptionHelper - SQL Error: 90121, SQLState: 90121
2025-10-06 22:32:48 ERROR [SpringApplicationShutdownHook] o.h.e.jdbc.spi.SqlExceptionHelper - Database is already closed (to disable automatic closing at VM shutdown, add ";DB_CLOSE_ON_EXIT=FALSE" to the db URL) [90121-200]
2025-10-06 22:32:48 WARN  [SpringApplicationShutdownHook] o.h.e.jdbc.spi.SqlExceptionHelper - SQL Error: 90121, SQLState: 90121
2025-10-06 22:32:48 ERROR [SpringApplicationShutdownHook] o.h.e.jdbc.spi.SqlExceptionHelper - Database is already closed (to disable automatic closing at VM shutdown, add ";DB_CLOSE_ON_EXIT=FALSE" to the db URL) [90121-200]
2025-10-06 22:32:48 WARN  [SpringApplicationShutdownHook] o.s.b.f.s.DisposableBeanAdapter - Invocation of destroy method failed on bean with name 'entityManagerFactory': org.hibernate.exception.JDBCConnectionException: Unable to release JDBC Connection used for DDL execution
2025-10-06 22:32:48 INFO  [SpringApplicationShutdownHook] com.zaxxer.hikari.HikariDataSource - HikariPool-1 - Shutdown initiated...
2025-10-06 22:32:48 INFO  [SpringApplicationShutdownHook] com.zaxxer.hikari.HikariDataSource - HikariPool-1 - Shutdown completed.
2025-10-06 22:51:13 INFO  [main] O.OnlineStoreApplicationTests - Starting OnlineStoreApplicationTests using Java 23.0.2 on Denyss-Laptop.local with PID 18736 (started by denyslapshyn in /Users/denyslapshyn/Google Drive/Programming/Java/Online-store-rest-api)
2025-10-06 22:51:13 INFO  [main] O.OnlineStoreApplicationTests - No active profile set, falling back to default profiles: default
2025-10-06 22:51:13 INFO  [background-preinit] o.h.validator.internal.util.Version - HV000001: Hibernate Validator 6.2.0.Final
2025-10-06 22:51:14 INFO  [main] o.s.d.r.c.RepositoryConfigurationDelegate - Bootstrapping Spring Data JPA repositories in DEFAULT mode.
2025-10-06 22:51:14 INFO  [main] o.s.d.r.c.RepositoryConfigurationDelegate - Finished Spring Data repository scanning in 24 ms. Found 3 JPA repository interfaces.
2025-10-06 22:51:14 INFO  [main] o.h.jpa.internal.util.LogHelper - HHH000204: Processing PersistenceUnitInfo [name: default]
2025-10-06 22:51:14 INFO  [main] org.hibernate.Version - HHH000412: Hibernate ORM core version 5.6.1.Final
2025-10-06 22:51:14 INFO  [main] o.h.annotations.common.Version - HCANN000001: Hibernate Commons Annotations {5.1.2.Final}
2025-10-06 22:51:14 INFO  [main] com.zaxxer.hikari.HikariDataSource - HikariPool-1 - Starting...
2025-10-06 22:51:14 INFO  [main] com.zaxxer.hikari.HikariDataSource - HikariPool-1 - Start completed.
2025-10-06 22:51:14 INFO  [main] org.hibernate.dialect.Dialect - HHH000400: Using dialect: org.hibernate.dialect.H2Dialect
2025-10-06 22:51:15 INFO  [main] o.h.e.t.j.p.i.JtaPlatformInitiator - HHH000490: Using JtaPlatform implementation: [org.hibernate.engine.transaction.jta.platform.internal.NoJtaPlatform]
2025-10-06 22:51:15 INFO  [main] o.s.o.j.LocalContainerEntityManagerFactoryBean - Initialized JPA EntityManagerFactory for persistence unit 'default'
2025-10-06 22:51:15 WARN  [main] o.s.b.a.o.j.JpaBaseConfiguration$JpaWebConfiguration - spring.jpa.open-in-view is enabled by default. Therefore, database queries may be performed during view rendering. Explicitly configure spring.jpa.open-in-view to disable this warning
2025-10-06 22:51:15 INFO  [main] o.s.s.web.DefaultSecurityFilterChain - Will secure any request with [org.springframework.security.web.context.request.async.WebAsyncManagerIntegrationFilter@1cf4d454, org.springframework.security.web.context.SecurityContextPersistenceFilter@3696d12d, org.springframework.security.web.header.HeaderWriterFilter@68feca3a, org.springframework.security.web.csrf.CsrfFilter@443b6765, org.springframework.security.web.authentication.logout.LogoutFilter@4ebb7bab, org.springframework.security.web.authentication.UsernamePasswordAuthenticationFilter@40fd1a78, org.springframework.security.web.savedrequest.RequestCacheAwareFilter@43120a77, org.springframework.security.web.servletapi.SecurityContextHolderAwareRequestFilter@67372d20, org.springframework.security.web.authentication.rememberme.RememberMeAuthenticationFilter@10e4ce98, org.springframework.security.web.authentication.AnonymousAuthenticationFilter@3ff3275b, org.springframework.security.web.session.SessionManagementFilter@75a6bd06, org.springframework.security.web.access.ExceptionTranslationFilter@5f2ad3d5, org.springframework.security.web.access.intercept.FilterSecurityInterceptor@5e557671]
2025-10-06 22:51:15 INFO  [main] O.OnlineStoreApplicationTests - Started OnlineStoreApplicationTests in 2.144 seconds (JVM running for 2.568)
2025-10-06 22:51:16 INFO  [SpringApplicationShutdownHook] o.s.o.j.LocalContainerEntityManagerFactoryBean - Closing JPA EntityManagerFactory for persistence unit 'default'
2025-10-06 22:51:16 INFO  [SpringApplicationShutdownHook] o.h.t.s.i.SchemaDropperImpl$DelayedDropActionImpl - HHH000477: Starting delayed evictData of schema as part of SessionFactory shut-down'
2025-10-06 22:51:16 WARN  [SpringApplicationShutdownHook] o.h.e.jdbc.spi.SqlExceptionHelper - SQL Error: 90121, SQLState: 90121
2025-10-06 22:51:16 ERROR [SpringApplicationShutdownHook] o.h.e.jdbc.spi.SqlExceptionHelper - Database is already closed (to disable automatic closing at VM shutdown, add ";DB_CLOSE_ON_EXIT=FALSE" to the db URL) [90121-200]
2025-10-06 22:51:16 WARN  [SpringApplicationShutdownHook] o.h.e.jdbc.spi.SqlExceptionHelper - SQL Error: 90121, SQLState: 90121
2025-10-06 22:51:16 ERROR [SpringApplicationShutdownHook] o.h.e.jdbc.spi.SqlExceptionHelper - Database is already closed (to disable automatic closing at VM shutdown, add ";DB_CLOSE_ON_EXIT=FALSE" to the db URL) [90121-200]
2025-10-06 22:51:16 WARN  [SpringApplicationShutdownHook] o.s.b.f.s.DisposableBeanAdapter - Invocation of destroy method failed on bean with name 'entityManagerFactory': org.hibernate.exception.JDBCConnectionException: Unable to release JDBC Connection used for DDL execution
2025-10-06 22:51:16 INFO  [SpringApplicationShutdownHook] com.zaxxer.hikari.HikariDataSource - HikariPool-1 - Shutdown initiated...
2025-10-06 22:51:16 INFO  [SpringApplicationShutdownHook] com.zaxxer.hikari.HikariDataSource - HikariPool-1 - Shutdown completed.
2025-10-06 23:03:36 INFO  [main] O.OnlineStoreApplicationTests - Starting OnlineStoreApplicationTests using Java 23.0.2 on Denyss-Laptop.local with PID 18976 (started by denyslapshyn in /Users/denyslapshyn/Google Drive/Programming/Java/Online-store-rest-api)
2025-10-06 23:03:36 INFO  [main] O.OnlineStoreApplicationTests - No active profile set, falling back to default profiles: default
2025-10-06 23:03:36 INFO  [background-preinit] o.h.validator.internal.util.Version - HV000001: Hibernate Validator 6.2.0.Final
2025-10-06 23:03:36 INFO  [main] o.s.d.r.c.RepositoryConfigurationDelegate - Bootstrapping Spring Data JPA repositories in DEFAULT mode.
2025-10-06 23:03:36 INFO  [main] o.s.d.r.c.RepositoryConfigurationDelegate - Finished Spring Data repository scanning in 23 ms. Found 3 JPA repository interfaces.
2025-10-06 23:03:36 INFO  [main] o.h.jpa.internal.util.LogHelper - HHH000204: Processing PersistenceUnitInfo [name: default]
2025-10-06 23:03:36 INFO  [main] org.hibernate.Version - HHH000412: Hibernate ORM core version 5.6.1.Final
2025-10-06 23:03:36 INFO  [main] o.h.annotations.common.Version - HCANN000001: Hibernate Commons Annotations {5.1.2.Final}
2025-10-06 23:03:36 INFO  [main] com.zaxxer.hikari.HikariDataSource - HikariPool-1 - Starting...
2025-10-06 23:03:36 INFO  [main] com.zaxxer.hikari.HikariDataSource - HikariPool-1 - Start completed.
2025-10-06 23:03:36 INFO  [main] org.hibernate.dialect.Dialect - HHH000400: Using dialect: org.hibernate.dialect.H2Dialect
2025-10-06 23:03:37 INFO  [main] o.h.e.t.j.p.i.JtaPlatformInitiator - HHH000490: Using JtaPlatform implementation: [org.hibernate.engine.transaction.jta.platform.internal.NoJtaPlatform]
2025-10-06 23:03:37 INFO  [main] o.s.o.j.LocalContainerEntityManagerFactoryBean - Initialized JPA EntityManagerFactory for persistence unit 'default'
2025-10-06 23:03:37 WARN  [main] o.s.b.a.o.j.JpaBaseConfiguration$JpaWebConfiguration - spring.jpa.open-in-view is enabled by default. Therefore, database queries may be performed during view rendering. Explicitly configure spring.jpa.open-in-view to disable this warning
2025-10-06 23:03:37 INFO  [main] o.s.s.web.DefaultSecurityFilterChain - Will secure any request with [org.springframework.security.web.context.request.async.WebAsyncManagerIntegrationFilter@20a18cc9, org.springframework.security.web.context.SecurityContextPersistenceFilter@6173863f, org.springframework.security.web.header.HeaderWriterFilter@be9cc86, org.springframework.security.web.csrf.CsrfFilter@4d1b4fa1, org.springframework.security.web.authentication.logout.LogoutFilter@38394e76, org.springframework.security.web.authentication.UsernamePasswordAuthenticationFilter@63e0057a, org.springframework.security.web.savedrequest.RequestCacheAwareFilter@4ebb7bab, org.springframework.security.web.servletapi.SecurityContextHolderAwareRequestFilter@32f54c2a, org.springframework.security.web.authentication.rememberme.RememberMeAuthenticationFilter@63d75087, org.springframework.security.web.authentication.AnonymousAuthenticationFilter@61555218, org.springframework.security.web.session.SessionManagementFilter@34ab398b, org.springframework.security.web.access.ExceptionTranslationFilter@3fb0d9de, org.springframework.security.web.access.intercept.FilterSecurityInterceptor@44aa5585]
2025-10-06 23:03:38 INFO  [main] O.OnlineStoreApplicationTests - Started OnlineStoreApplicationTests in 2.217 seconds (JVM running for 2.649)
2025-10-06 23:03:38 INFO  [SpringApplicationShutdownHook] o.s.o.j.LocalContainerEntityManagerFactoryBean - Closing JPA EntityManagerFactory for persistence unit 'default'
2025-10-06 23:03:38 INFO  [SpringApplicationShutdownHook] o.h.t.s.i.SchemaDropperImpl$DelayedDropActionImpl - HHH000477: Starting delayed evictData of schema as part of SessionFactory shut-down'
2025-10-06 23:03:38 WARN  [SpringApplicationShutdownHook] o.h.e.jdbc.spi.SqlExceptionHelper - SQL Error: 90121, SQLState: 90121
2025-10-06 23:03:38 ERROR [SpringApplicationShutdownHook] o.h.e.jdbc.spi.SqlExceptionHelper - Database is already closed (to disable automatic closing at VM shutdown, add ";DB_CLOSE_ON_EXIT=FALSE" to the db URL) [90121-200]
2025-10-06 23:03:38 WARN  [SpringApplicationShutdownHook] o.h.e.jdbc.spi.SqlExceptionHelper - SQL Error: 90121, SQLState: 90121
2025-10-06 23:03:38 ERROR [SpringApplicationShutdownHook] o.h.e.jdbc.spi.SqlExceptionHelper - Database is already closed (to disable automatic closing at VM shutdown, add ";DB_CLOSE_ON_EXIT=FALSE" to the db URL) [90121-200]
2025-10-06 23:03:38 WARN  [SpringApplicationShutdownHook] o.s.b.f.s.DisposableBeanAdapter - Invocation of destroy method failed on bean with name 'entityManagerFactory': org.hibernate.exception.JDBCConnectionException: Unable to release JDBC Connection used for DDL execution
2025-10-06 23:03:38 INFO  [SpringApplicationShutdownHook] com.zaxxer.hikari.HikariDataSource - HikariPool-1 - Shutdown initiated...
2025-10-06 23:03:38 INFO  [SpringApplicationShutdownHook] com.zaxxer.hikari.HikariDataSource - HikariPool-1 - Shutdown completed.
2025-10-06 23:06:48 INFO  [main] O.OnlineStoreApplicationTests - Starting OnlineStoreApplicationTests using Java 23.0.2 on Denyss-Laptop.local with PID 19056 (started by denyslapshyn in /Users/denyslapshyn/Google Drive/Programming/Java/Online-store-rest-api)
2025-10-06 23:06:48 INFO  [main] O.OnlineStoreApplicationTests - No active profile set, falling back to default profiles: default
2025-10-06 23:06:48 INFO  [background-preinit] o.h.validator.internal.util.Version - HV000001: Hibernate Validator 6.2.0.Final
2025-10-06 23:06:49 INFO  [main] o.s.d.r.c.RepositoryConfigurationDelegate - Bootstrapping Spring Data JPA repositories in DEFAULT mode.
2025-10-06 23:06:49 INFO  [main] o.s.d.r.c.RepositoryConfigurationDelegate - Finished Spring Data repository scanning in 25 ms. Found 3 JPA repository interfaces.
2025-10-06 23:06:49 INFO  [main] o.h.jpa.internal.util.LogHelper - HHH000204: Processing PersistenceUnitInfo [name: default]
2025-10-06 23:06:49 INFO  [main] org.hibernate.Version - HHH000412: Hibernate ORM core version 5.6.1.Final
2025-10-06 23:06:49 INFO  [main] o.h.annotations.common.Version - HCANN000001: Hibernate Commons Annotations {5.1.2.Final}
2025-10-06 23:06:49 INFO  [main] com.zaxxer.hikari.HikariDataSource - HikariPool-1 - Starting...
2025-10-06 23:06:49 INFO  [main] com.zaxxer.hikari.HikariDataSource - HikariPool-1 - Start completed.
2025-10-06 23:06:49 INFO  [main] org.hibernate.dialect.Dialect - HHH000400: Using dialect: org.hibernate.dialect.H2Dialect
2025-10-06 23:06:50 INFO  [main] o.h.e.t.j.p.i.JtaPlatformInitiator - HHH000490: Using JtaPlatform implementation: [org.hibernate.engine.transaction.jta.platform.internal.NoJtaPlatform]
2025-10-06 23:06:50 INFO  [main] o.s.o.j.LocalContainerEntityManagerFactoryBean - Initialized JPA EntityManagerFactory for persistence unit 'default'
2025-10-06 23:06:50 WARN  [main] o.s.b.a.o.j.JpaBaseConfiguration$JpaWebConfiguration - spring.jpa.open-in-view is enabled by default. Therefore, database queries may be performed during view rendering. Explicitly configure spring.jpa.open-in-view to disable this warning
2025-10-06 23:06:50 INFO  [main] o.s.s.web.DefaultSecurityFilterChain - Will secure any request with [org.springframework.security.web.context.request.async.WebAsyncManagerIntegrationFilter@6ae6a77b, org.springframework.security.web.context.SecurityContextPersistenceFilter@37d3e740, org.springframework.security.web.header.HeaderWriterFilter@575cfec1, org.springframework.security.web.csrf.CsrfFilter@2ad6aeb8, org.springframework.security.web.authentication.logout.LogoutFilter@558ed473, org.springframework.security.web.authentication.UsernamePasswordAuthenticationFilter@38d308e7, org.springframework.security.web.savedrequest.RequestCacheAwareFilter@7e741d6b, org.springframework.security.web.servletapi.SecurityContextHolderAwareRequestFilter@1885905b, org.springframework.security.web.authentication.rememberme.RememberMeAuthenticationFilter@10230657, org.springframework.security.web.authentication.AnonymousAuthenticationFilter@32e9c3af, org.springframework.security.web.session.SessionManagementFilter@5b3a8bea, org.springframework.security.web.access.ExceptionTranslationFilter@3bf41cd0, org.springframework.security.web.access.intercept.FilterSecurityInterceptor@47f5ab58]
2025-10-06 23:06:50 INFO  [main] O.OnlineStoreApplicationTests - Started OnlineStoreApplicationTests in 2.228 seconds (JVM running for 2.663)
2025-10-06 23:06:53 INFO  [SpringApplicationShutdownHook] o.s.o.j.LocalContainerEntityManagerFactoryBean - Closing JPA EntityManagerFactory for persistence unit 'default'
2025-10-06 23:06:53 INFO  [SpringApplicationShutdownHook] o.h.t.s.i.SchemaDropperImpl$DelayedDropActionImpl - HHH000477: Starting delayed evictData of schema as part of SessionFactory shut-down'
2025-10-06 23:06:53 INFO  [SpringApplicationShutdownHook] com.zaxxer.hikari.HikariDataSource - HikariPool-1 - Shutdown initiated...
2025-10-06 23:06:53 INFO  [SpringApplicationShutdownHook] com.zaxxer.hikari.HikariDataSource - HikariPool-1 - Shutdown completed.
2025-10-06 23:09:47 INFO  [main] O.OnlineStoreApplicationTests - Starting OnlineStoreApplicationTests using Java 23.0.2 on Denyss-Laptop.local with PID 19143 (started by denyslapshyn in /Users/denyslapshyn/Google Drive/Programming/Java/Online-store-rest-api)
2025-10-06 23:09:47 INFO  [main] O.OnlineStoreApplicationTests - No active profile set, falling back to default profiles: default
2025-10-06 23:09:47 INFO  [background-preinit] o.h.validator.internal.util.Version - HV000001: Hibernate Validator 6.2.0.Final
2025-10-06 23:09:48 INFO  [main] o.s.d.r.c.RepositoryConfigurationDelegate - Bootstrapping Spring Data JPA repositories in DEFAULT mode.
2025-10-06 23:09:48 INFO  [main] o.s.d.r.c.RepositoryConfigurationDelegate - Finished Spring Data repository scanning in 24 ms. Found 3 JPA repository interfaces.
2025-10-06 23:09:48 INFO  [main] o.h.jpa.internal.util.LogHelper - HHH000204: Processing PersistenceUnitInfo [name: default]
2025-10-06 23:09:48 INFO  [main] org.hibernate.Version - HHH000412: Hibernate ORM core version 5.6.1.Final
2025-10-06 23:09:48 INFO  [main] o.h.annotations.common.Version - HCANN000001: Hibernate Commons Annotations {5.1.2.Final}
2025-10-06 23:09:48 INFO  [main] com.zaxxer.hikari.HikariDataSource - HikariPool-1 - Starting...
2025-10-06 23:09:48 INFO  [main] com.zaxxer.hikari.HikariDataSource - HikariPool-1 - Start completed.
2025-10-06 23:09:48 INFO  [main] org.hibernate.dialect.Dialect - HHH000400: Using dialect: org.hibernate.dialect.H2Dialect
2025-10-06 23:09:48 INFO  [main] o.h.e.t.j.p.i.JtaPlatformInitiator - HHH000490: Using JtaPlatform implementation: [org.hibernate.engine.transaction.jta.platform.internal.NoJtaPlatform]
2025-10-06 23:09:48 INFO  [main] o.s.o.j.LocalContainerEntityManagerFactoryBean - Initialized JPA EntityManagerFactory for persistence unit 'default'
2025-10-06 23:09:49 WARN  [main] o.s.b.a.o.j.JpaBaseConfiguration$JpaWebConfiguration - spring.jpa.open-in-view is enabled by default. Therefore, database queries may be performed during view rendering. Explicitly configure spring.jpa.open-in-view to disable this warning
2025-10-06 23:09:49 INFO  [main] o.s.s.web.DefaultSecurityFilterChain - Will secure any request with [org.springframework.security.web.context.request.async.WebAsyncManagerIntegrationFilter@209b4b35, org.springframework.security.web.context.SecurityContextPersistenceFilter@3cb376a3, org.springframework.security.web.header.HeaderWriterFilter@5c194652, org.springframework.security.web.csrf.CsrfFilter@40fd1a78, org.springframework.security.web.authentication.logout.LogoutFilter@166d576b, org.springframework.security.web.authentication.UsernamePasswordAuthenticationFilter@3bd79444, org.springframework.security.web.savedrequest.RequestCacheAwareFilter@447630c4, org.springframework.security.web.servletapi.SecurityContextHolderAwareRequestFilter@20a18cc9, org.springframework.security.web.authentication.rememberme.RememberMeAuthenticationFilter@6bcfb561, org.springframework.security.web.authentication.AnonymousAuthenticationFilter@77acc95a, org.springframework.security.web.session.SessionManagementFilter@5bddd141, org.springframework.security.web.access.ExceptionTranslationFilter@611a91df, org.springframework.security.web.access.intercept.FilterSecurityInterceptor@15c96f24]
2025-10-06 23:09:49 INFO  [main] O.OnlineStoreApplicationTests - Started OnlineStoreApplicationTests in 2.17 seconds (JVM running for 2.583)
2025-10-06 23:09:51 INFO  [SpringApplicationShutdownHook] o.s.o.j.LocalContainerEntityManagerFactoryBean - Closing JPA EntityManagerFactory for persistence unit 'default'
2025-10-06 23:09:51 INFO  [SpringApplicationShutdownHook] o.h.t.s.i.SchemaDropperImpl$DelayedDropActionImpl - HHH000477: Starting delayed evictData of schema as part of SessionFactory shut-down'
2025-10-06 23:09:51 INFO  [SpringApplicationShutdownHook] com.zaxxer.hikari.HikariDataSource - HikariPool-1 - Shutdown initiated...
2025-10-06 23:09:51 INFO  [SpringApplicationShutdownHook] com.zaxxer.hikari.HikariDataSource - HikariPool-1 - Shutdown completed.
2025-10-06 23:37:44 INFO  [main] O.OnlineStoreApplicationTests - Starting OnlineStoreApplicationTests using Java 23.0.2 on Denyss-Laptop.local with PID 19610 (started by denyslapshyn in /Users/denyslapshyn/Google Drive/Programming/Java/Online-store-rest-api)
2025-10-06 23:37:44 INFO  [main] O.OnlineStoreApplicationTests - No active profile set, falling back to default profiles: default
2025-10-06 23:37:44 INFO  [background-preinit] o.h.validator.internal.util.Version - HV000001: Hibernate Validator 6.2.0.Final
2025-10-06 23:37:44 INFO  [main] o.s.d.r.c.RepositoryConfigurationDelegate - Bootstrapping Spring Data JPA repositories in DEFAULT mode.
2025-10-06 23:37:44 INFO  [main] o.s.d.r.c.RepositoryConfigurationDelegate - Finished Spring Data repository scanning in 23 ms. Found 3 JPA repository interfaces.
2025-10-06 23:37:45 INFO  [main] o.h.jpa.internal.util.LogHelper - HHH000204: Processing PersistenceUnitInfo [name: default]
2025-10-06 23:37:45 INFO  [main] org.hibernate.Version - HHH000412: Hibernate ORM core version 5.6.1.Final
2025-10-06 23:37:45 INFO  [main] o.h.annotations.common.Version - HCANN000001: Hibernate Commons Annotations {5.1.2.Final}
2025-10-06 23:37:45 INFO  [main] com.zaxxer.hikari.HikariDataSource - HikariPool-1 - Starting...
2025-10-06 23:37:45 INFO  [main] com.zaxxer.hikari.HikariDataSource - HikariPool-1 - Start completed.
2025-10-06 23:37:45 INFO  [main] org.hibernate.dialect.Dialect - HHH000400: Using dialect: org.hibernate.dialect.H2Dialect
2025-10-06 23:37:45 INFO  [main] o.h.e.t.j.p.i.JtaPlatformInitiator - HHH000490: Using JtaPlatform implementation: [org.hibernate.engine.transaction.jta.platform.internal.NoJtaPlatform]
2025-10-06 23:37:45 INFO  [main] o.s.o.j.LocalContainerEntityManagerFactoryBean - Initialized JPA EntityManagerFactory for persistence unit 'default'
2025-10-06 23:37:45 WARN  [main] o.s.b.a.o.j.JpaBaseConfiguration$JpaWebConfiguration - spring.jpa.open-in-view is enabled by default. Therefore, database queries may be performed during view rendering. Explicitly configure spring.jpa.open-in-view to disable this warning
2025-10-06 23:37:46 INFO  [main] o.s.s.web.DefaultSecurityFilterChain - Will secure any request with [org.springframework.security.web.context.request.async.WebAsyncManagerIntegrationFilter@572db5ee, org.springframework.security.web.context.SecurityContextPersistenceFilter@6318ff9, org.springframework.security.web.header.HeaderWriterFilter@498f5728, org.springframework.security.web.csrf.CsrfFilter@6a95c2f6, org.springframework.security.web.authentication.logout.LogoutFilter@1bb78ae, org.springframework.security.web.authentication.UsernamePasswordAuthenticationFilter@47fce2c4, org.springframework.security.web.savedrequest.RequestCacheAwareFilter@2dd46693, org.springframework.security.web.servletapi.SecurityContextHolderAwareRequestFilter@5b29d699, org.springframework.security.web.authentication.rememberme.RememberMeAuthenticationFilter@6c9b6332, org.springframework.security.web.authentication.AnonymousAuthenticationFilter@36f80ceb, org.springframework.security.web.session.SessionManagementFilter@1fdd5517, org.springframework.security.web.access.ExceptionTranslationFilter@67e628b, org.springframework.security.web.access.intercept.FilterSecurityInterceptor@4678ec43]
2025-10-06 23:37:46 INFO  [main] O.OnlineStoreApplicationTests - Started OnlineStoreApplicationTests in 2.156 seconds (JVM running for 2.621)
2025-10-06 23:37:47 INFO  [SpringApplicationShutdownHook] o.s.o.j.LocalContainerEntityManagerFactoryBean - Closing JPA EntityManagerFactory for persistence unit 'default'
2025-10-06 23:37:47 INFO  [SpringApplicationShutdownHook] o.h.t.s.i.SchemaDropperImpl$DelayedDropActionImpl - HHH000477: Starting delayed evictData of schema as part of SessionFactory shut-down'
2025-10-06 23:37:47 INFO  [SpringApplicationShutdownHook] com.zaxxer.hikari.HikariDataSource - HikariPool-1 - Shutdown initiated...
2025-10-06 23:37:47 INFO  [SpringApplicationShutdownHook] com.zaxxer.hikari.HikariDataSource - HikariPool-1 - Shutdown completed.
2025-10-06 23:45:42 INFO  [main] O.OnlineStoreApplicationTests - Starting OnlineStoreApplicationTests using Java 23.0.2 on Denyss-Laptop.local with PID 19732 (started by denyslapshyn in /Users/denyslapshyn/Google Drive/Programming/Java/Online-store-rest-api)
2025-10-06 23:45:42 INFO  [main] O.OnlineStoreApplicationTests - No active profile set, falling back to default profiles: default
2025-10-06 23:45:42 INFO  [background-preinit] o.h.validator.internal.util.Version - HV000001: Hibernate Validator 6.2.0.Final
2025-10-06 23:45:42 INFO  [main] o.s.d.r.c.RepositoryConfigurationDelegate - Bootstrapping Spring Data JPA repositories in DEFAULT mode.
2025-10-06 23:45:42 INFO  [main] o.s.d.r.c.RepositoryConfigurationDelegate - Finished Spring Data repository scanning in 24 ms. Found 3 JPA repository interfaces.
2025-10-06 23:45:43 INFO  [main] o.h.jpa.internal.util.LogHelper - HHH000204: Processing PersistenceUnitInfo [name: default]
2025-10-06 23:45:43 INFO  [main] org.hibernate.Version - HHH000412: Hibernate ORM core version 5.6.1.Final
2025-10-06 23:45:43 INFO  [main] o.h.annotations.common.Version - HCANN000001: Hibernate Commons Annotations {5.1.2.Final}
2025-10-06 23:45:43 INFO  [main] com.zaxxer.hikari.HikariDataSource - HikariPool-1 - Starting...
2025-10-06 23:45:43 INFO  [main] com.zaxxer.hikari.HikariDataSource - HikariPool-1 - Start completed.
2025-10-06 23:45:43 INFO  [main] org.hibernate.dialect.Dialect - HHH000400: Using dialect: org.hibernate.dialect.H2Dialect
2025-10-06 23:45:43 INFO  [main] o.h.e.t.j.p.i.JtaPlatformInitiator - HHH000490: Using JtaPlatform implementation: [org.hibernate.engine.transaction.jta.platform.internal.NoJtaPlatform]
2025-10-06 23:45:43 INFO  [main] o.s.o.j.LocalContainerEntityManagerFactoryBean - Initialized JPA EntityManagerFactory for persistence unit 'default'
2025-10-06 23:45:44 WARN  [main] o.s.b.a.o.j.JpaBaseConfiguration$JpaWebConfiguration - spring.jpa.open-in-view is enabled by default. Therefore, database queries may be performed during view rendering. Explicitly configure spring.jpa.open-in-view to disable this warning
2025-10-06 23:45:44 INFO  [main] o.s.s.web.DefaultSecurityFilterChain - Will secure any request with [org.springframework.security.web.context.request.async.WebAsyncManagerIntegrationFilter@5c46a957, org.springframework.security.web.context.SecurityContextPersistenceFilter@1f1e15de, org.springframework.security.web.header.HeaderWriterFilter@3b80bb63, org.springframework.security.web.csrf.CsrfFilter@582b14e2, org.springframework.security.web.authentication.logout.LogoutFilter@7d4135c9, org.springframework.security.web.authentication.UsernamePasswordAuthenticationFilter@7e7987b8, org.springframework.security.web.savedrequest.RequestCacheAwareFilter@75d402d4, org.springframework.security.web.servletapi.SecurityContextHolderAwareRequestFilter@24558113, org.springframework.security.web.authentication.rememberme.RememberMeAuthenticationFilter@27ac3b6d, org.springframework.security.web.authentication.AnonymousAuthenticationFilter@7d95a717, org.springframework.security.web.session.SessionManagementFilter@38d308e7, org.springframework.security.web.access.ExceptionTranslationFilter@4c8afba, org.springframework.security.web.access.intercept.FilterSecurityInterceptor@1bb78ae]
2025-10-06 23:45:44 INFO  [main] O.OnlineStoreApplicationTests - Started OnlineStoreApplicationTests in 2.132 seconds (JVM running for 2.56)
2025-10-06 23:45:45 INFO  [SpringApplicationShutdownHook] o.s.o.j.LocalContainerEntityManagerFactoryBean - Closing JPA EntityManagerFactory for persistence unit 'default'
2025-10-06 23:45:45 INFO  [SpringApplicationShutdownHook] o.h.t.s.i.SchemaDropperImpl$DelayedDropActionImpl - HHH000477: Starting delayed evictData of schema as part of SessionFactory shut-down'
2025-10-06 23:45:45 INFO  [SpringApplicationShutdownHook] com.zaxxer.hikari.HikariDataSource - HikariPool-1 - Shutdown initiated...
2025-10-06 23:45:45 INFO  [SpringApplicationShutdownHook] com.zaxxer.hikari.HikariDataSource - HikariPool-1 - Shutdown completed.
2025-10-06 23:46:26 INFO  [main] O.OnlineStoreApplicationTests - Starting OnlineStoreApplicationTests using Java 23.0.2 on Denyss-Laptop.local with PID 19792 (started by denyslapshyn in /Users/denyslapshyn/Google Drive/Programming/Java/Online-store-rest-api)
2025-10-06 23:46:26 INFO  [main] O.OnlineStoreApplicationTests - No active profile set, falling back to default profiles: default
2025-10-06 23:46:26 INFO  [background-preinit] o.h.validator.internal.util.Version - HV000001: Hibernate Validator 6.2.0.Final
2025-10-06 23:46:26 INFO  [main] o.s.d.r.c.RepositoryConfigurationDelegate - Bootstrapping Spring Data JPA repositories in DEFAULT mode.
2025-10-06 23:46:26 INFO  [main] o.s.d.r.c.RepositoryConfigurationDelegate - Finished Spring Data repository scanning in 24 ms. Found 3 JPA repository interfaces.
2025-10-06 23:46:26 INFO  [main] o.h.jpa.internal.util.LogHelper - HHH000204: Processing PersistenceUnitInfo [name: default]
2025-10-06 23:46:26 INFO  [main] org.hibernate.Version - HHH000412: Hibernate ORM core version 5.6.1.Final
2025-10-06 23:46:26 INFO  [main] o.h.annotations.common.Version - HCANN000001: Hibernate Commons Annotations {5.1.2.Final}
2025-10-06 23:46:26 INFO  [main] com.zaxxer.hikari.HikariDataSource - HikariPool-1 - Starting...
2025-10-06 23:46:27 INFO  [main] com.zaxxer.hikari.HikariDataSource - HikariPool-1 - Start completed.
2025-10-06 23:46:27 INFO  [main] org.hibernate.dialect.Dialect - HHH000400: Using dialect: org.hibernate.dialect.H2Dialect
2025-10-06 23:46:27 INFO  [main] o.h.e.t.j.p.i.JtaPlatformInitiator - HHH000490: Using JtaPlatform implementation: [org.hibernate.engine.transaction.jta.platform.internal.NoJtaPlatform]
2025-10-06 23:46:27 INFO  [main] o.s.o.j.LocalContainerEntityManagerFactoryBean - Initialized JPA EntityManagerFactory for persistence unit 'default'
2025-10-06 23:46:27 WARN  [main] o.s.b.a.o.j.JpaBaseConfiguration$JpaWebConfiguration - spring.jpa.open-in-view is enabled by default. Therefore, database queries may be performed during view rendering. Explicitly configure spring.jpa.open-in-view to disable this warning
2025-10-06 23:46:27 INFO  [main] o.s.s.web.DefaultSecurityFilterChain - Will secure any request with [org.springframework.security.web.context.request.async.WebAsyncManagerIntegrationFilter@ff1a5a0, org.springframework.security.web.context.SecurityContextPersistenceFilter@426940f9, org.springframework.security.web.header.HeaderWriterFilter@66a50c93, org.springframework.security.web.csrf.CsrfFilter@24536f07, org.springframework.security.web.authentication.logout.LogoutFilter@5b407336, org.springframework.security.web.authentication.UsernamePasswordAuthenticationFilter@3fd21272, org.springframework.security.web.savedrequest.RequestCacheAwareFilter@4c8afba, org.springframework.security.web.servletapi.SecurityContextHolderAwareRequestFilter@1fcf73b9, org.springframework.security.web.authentication.rememberme.RememberMeAuthenticationFilter@49f9758, org.springframework.security.web.authentication.AnonymousAuthenticationFilter@75c3584e, org.springframework.security.web.session.SessionManagementFilter@475eb4fd, org.springframework.security.web.access.ExceptionTranslationFilter@245dbd09, org.springframework.security.web.access.intercept.FilterSecurityInterceptor@3140ad41]
2025-10-06 23:46:28 INFO  [main] O.OnlineStoreApplicationTests - Started OnlineStoreApplicationTests in 2.083 seconds (JVM running for 2.511)
2025-10-06 23:46:29 INFO  [SpringApplicationShutdownHook] o.s.o.j.LocalContainerEntityManagerFactoryBean - Closing JPA EntityManagerFactory for persistence unit 'default'
2025-10-06 23:46:29 INFO  [SpringApplicationShutdownHook] o.h.t.s.i.SchemaDropperImpl$DelayedDropActionImpl - HHH000477: Starting delayed evictData of schema as part of SessionFactory shut-down'
2025-10-06 23:46:29 INFO  [SpringApplicationShutdownHook] com.zaxxer.hikari.HikariDataSource - HikariPool-1 - Shutdown initiated...
2025-10-06 23:46:29 INFO  [SpringApplicationShutdownHook] com.zaxxer.hikari.HikariDataSource - HikariPool-1 - Shutdown completed.
2025-10-06 23:46:56 INFO  [main] O.OnlineStoreApplicationTests - Starting OnlineStoreApplicationTests using Java 23.0.2 on Denyss-Laptop.local with PID 19826 (started by denyslapshyn in /Users/denyslapshyn/Google Drive/Programming/Java/Online-store-rest-api)
2025-10-06 23:46:56 INFO  [main] O.OnlineStoreApplicationTests - No active profile set, falling back to default profiles: default
2025-10-06 23:46:56 INFO  [background-preinit] o.h.validator.internal.util.Version - HV000001: Hibernate Validator 6.2.0.Final
2025-10-06 23:46:56 INFO  [main] o.s.d.r.c.RepositoryConfigurationDelegate - Bootstrapping Spring Data JPA repositories in DEFAULT mode.
2025-10-06 23:46:56 INFO  [main] o.s.d.r.c.RepositoryConfigurationDelegate - Finished Spring Data repository scanning in 25 ms. Found 3 JPA repository interfaces.
2025-10-06 23:46:57 INFO  [main] o.h.jpa.internal.util.LogHelper - HHH000204: Processing PersistenceUnitInfo [name: default]
2025-10-06 23:46:57 INFO  [main] org.hibernate.Version - HHH000412: Hibernate ORM core version 5.6.1.Final
2025-10-06 23:46:57 INFO  [main] o.h.annotations.common.Version - HCANN000001: Hibernate Commons Annotations {5.1.2.Final}
2025-10-06 23:46:57 INFO  [main] com.zaxxer.hikari.HikariDataSource - HikariPool-1 - Starting...
2025-10-06 23:46:57 INFO  [main] com.zaxxer.hikari.HikariDataSource - HikariPool-1 - Start completed.
2025-10-06 23:46:57 INFO  [main] org.hibernate.dialect.Dialect - HHH000400: Using dialect: org.hibernate.dialect.H2Dialect
2025-10-06 23:46:57 INFO  [main] o.h.e.t.j.p.i.JtaPlatformInitiator - HHH000490: Using JtaPlatform implementation: [org.hibernate.engine.transaction.jta.platform.internal.NoJtaPlatform]
2025-10-06 23:46:57 INFO  [main] o.s.o.j.LocalContainerEntityManagerFactoryBean - Initialized JPA EntityManagerFactory for persistence unit 'default'
2025-10-06 23:46:57 WARN  [main] o.s.b.a.o.j.JpaBaseConfiguration$JpaWebConfiguration - spring.jpa.open-in-view is enabled by default. Therefore, database queries may be performed during view rendering. Explicitly configure spring.jpa.open-in-view to disable this warning
2025-10-06 23:46:58 INFO  [main] o.s.s.web.DefaultSecurityFilterChain - Will secure any request with [org.springframework.security.web.context.request.async.WebAsyncManagerIntegrationFilter@400df2b3, org.springframework.security.web.context.SecurityContextPersistenceFilter@49ee3b8d, org.springframework.security.web.header.HeaderWriterFilter@509e4902, org.springframework.security.web.csrf.CsrfFilter@6a262980, org.springframework.security.web.authentication.logout.LogoutFilter@5f190cfe, org.springframework.security.web.authentication.UsernamePasswordAuthenticationFilter@140cfc5f, org.springframework.security.web.savedrequest.RequestCacheAwareFilter@5c8d631, org.springframework.security.web.servletapi.SecurityContextHolderAwareRequestFilter@2526d5f9, org.springframework.security.web.authentication.rememberme.RememberMeAuthenticationFilter@7804a783, org.springframework.security.web.authentication.AnonymousAuthenticationFilter@70044113, org.springframework.security.web.session.SessionManagementFilter@70f8d217, org.springframework.security.web.access.ExceptionTranslationFilter@47224d5d, org.springframework.security.web.access.intercept.FilterSecurityInterceptor@43b74979]
2025-10-06 23:46:58 INFO  [main] O.OnlineStoreApplicationTests - Started OnlineStoreApplicationTests in 2.252 seconds (JVM running for 2.705)
2025-10-06 23:46:59 INFO  [SpringApplicationShutdownHook] o.s.o.j.LocalContainerEntityManagerFactoryBean - Closing JPA EntityManagerFactory for persistence unit 'default'
2025-10-06 23:46:59 INFO  [SpringApplicationShutdownHook] o.h.t.s.i.SchemaDropperImpl$DelayedDropActionImpl - HHH000477: Starting delayed evictData of schema as part of SessionFactory shut-down'
2025-10-06 23:46:59 INFO  [SpringApplicationShutdownHook] com.zaxxer.hikari.HikariDataSource - HikariPool-1 - Shutdown initiated...
2025-10-06 23:46:59 INFO  [SpringApplicationShutdownHook] com.zaxxer.hikari.HikariDataSource - HikariPool-1 - Shutdown completed.
